<?xml version="1.0" encoding="UTF-8"?>
<!-- Generated by org.testng.reporters.JUnitXMLReporter -->
<testsuite hostname="LAPTOP-P266U98J" ignored="0" name="Test" tests="9" failures="0" timestamp="10 Jan 2019 10:45:54 GMT" time="0.078" errors="0">
  <testcase name="createUserTest" time="0.012" classname="com.actiTime.userTest.UserTest"/>
  <testcase name="deleteUserTest" time="0.001" classname="com.actiTime.userTest.UserTest"/>
  <testcase name="modifyUserTest" time="0.002" classname="com.actiTime.userTest.UserTest"/>
  <testcase name="createCustomerTest" time="0.001" classname="com.actiTime.customerTest.CustomerTest"/>
  <testcase name="deleteCustomerTest" time="0.003" classname="com.actiTime.customerTest.CustomerTest"/>
  <testcase name="modifyCustomerTest" time="0.002" classname="com.actiTime.customerTest.CustomerTest"/>
  <testcase name="createReportTest" time="0.002" classname="com.actiTime.reportTest.ReportTest"/>
  <testcase name="deleteReportTest" time="0.002" classname="com.actiTime.reportTest.ReportTest"/>
  <testcase name="modifyReportTest" time="0.002" classname="com.actiTime.reportTest.ReportTest"/>
</testsuite> <!-- Test -->
